#
# A fatal error has been detected by the Java Runtime Environment:
#
#  EXCEPTION_ACCESS_VIOLATION (0xc0000005) at pc=0x0000000059674b9b, pid=11224, tid=7892
#
# JRE version: Java(TM) SE Runtime Environment (7.0_80-b15) (build 1.7.0_80-b15)
# Java VM: Java HotSpot(TM) 64-Bit Server VM (24.80-b11 mixed mode windows-amd64 compressed oops)
# Problematic frame:
# V  [jvm.dll+0x144b9b]
#
# Failed to write core dump. Minidumps are not enabled by default on client versions of Windows
#
# If you would like to submit a bug report, please visit:
#   http://bugreport.java.com/bugreport/crash.jsp
#

---------------  T H R E A D  ---------------

Current thread (0x000000000b150000):  JavaThread "JDWP Transport Listener: dt_socket" daemon [_thread_in_vm, id=7892, stack(0x000000000c6a0000,0x000000000c7a0000)]

siginfo: ExceptionCode=0xc0000005, reading address 0x0000000000003b79

Registers:
RAX=0x000000000c79f201, RBX=0x000000000b150000, RCX=0x0000000000003b79, RDX=0x0000000000000000
RSP=0x000000000c79f1b0, RBP=0x0000000000003b79, RSI=0x000000000c79f2c8, RDI=0x00000000028280e0
R8 =0x000000000b150000, R9 =0x0000000000008000, R10=0x0000000000000000, R11=0x000000000b18fa75
R12=0x0000000000000000, R13=0x000000000b13d148, R14=0x0000000000000000, R15=0x0000000000000000
RIP=0x0000000059674b9b, EFLAGS=0x0000000000010202

Top of Stack: (sp=0x000000000c79f1b0)
0x000000000c79f1b0:   000000000b150000 0000000000000006
0x000000000c79f1c0:   000000000c79f278 00000000598177d9
0x000000000c79f1d0:   000000000b150000 0000000059835382
0x000000000c79f1e0:   0000000000000000 0000000059f78e8d
0x000000000c79f1f0:   000000000b0f2068 0000000059f82666
0x000000000c79f200:   000000000b150000 0000000000000000
0x000000000c79f210:   0000000000000000 0000000000000000
0x000000000c79f220:   0000000000003b79 0000000059f8175d
0x000000000c79f230:   000000000c79f2c8 000000000c79f2a0
0x000000000c79f240:   0000000000000001 000000000b0f2068
0x000000000c79f250:   0000000000003b79 0000000059f653b3
0x000000000c79f260:   000000000c79f390 0000000000000001
0x000000000c79f270:   0000000000000001 000000000b0f2068
0x000000000c79f280:   000000000000000a 0000000000000000
0x000000000c79f290:   0000000000000000 0000000000000000
0x000000000c79f2a0:   0000000000000001 0000000059f65571 

Instructions: (pc=0x0000000059674b9b)
0x0000000059674b7b:   48 8b 5c 24 30 48 89 47 18 48 83 c4 20 5f c3 cc
0x0000000059674b8b:   cc cc cc cc cc 40 53 48 83 ec 20 48 85 c9 74 54
0x0000000059674b9b:   48 8b 19 48 85 db 74 4c 48 b8 fe fe fe fe fe fe
0x0000000059674bab:   fe fe 48 3b d8 74 3d 80 3d 57 56 61 00 00 74 15 


Register to memory mapping:

RAX=0x000000000c79f201 is pointing into the stack for thread: 0x000000000b150000
RBX=0x000000000b150000 is a thread
RCX=0x0000000000003b79 is an unknown value
RDX=0x0000000000000000 is an unknown value
RSP=0x000000000c79f1b0 is pointing into the stack for thread: 0x000000000b150000
RBP=0x0000000000003b79 is an unknown value
RSI=0x000000000c79f2c8 is pointing into the stack for thread: 0x000000000b150000
RDI=0x00000000028280e0 is an unknown value
R8 =0x000000000b150000 is a thread
R9 =0x0000000000008000 is an unknown value
R10=0x0000000000000000 is an unknown value
R11=0x000000000b18fa75 is an unknown value
R12=0x0000000000000000 is an unknown value
R13=0x000000000b13d148 is an unknown value
R14=0x0000000000000000 is an unknown value
R15=0x0000000000000000 is an unknown value


Stack: [0x000000000c6a0000,0x000000000c7a0000],  sp=0x000000000c79f1b0,  free space=1020k
Native frames: (J=compiled Java code, j=interpreted, Vv=VM code, C=native code)
V  [jvm.dll+0x144b9b]


---------------  P R O C E S S  ---------------

Java Threads: ( => current thread )
  0x000000000b16d000 JavaThread "Service Thread" daemon [_thread_blocked, id=11752, stack(0x000000000cba0000,0x000000000cca0000)]
  0x000000000b168000 JavaThread "C2 CompilerThread1" daemon [_thread_blocked, id=13860, stack(0x000000000caa0000,0x000000000cba0000)]
  0x000000000b16b000 JavaThread "C2 CompilerThread0" daemon [_thread_blocked, id=5564, stack(0x000000000c9a0000,0x000000000caa0000)]
  0x000000000b156000 JavaThread "JDWP Command Reader" daemon [_thread_in_native, id=13840, stack(0x000000000c8a0000,0x000000000c9a0000)]
  0x000000000b153000 JavaThread "JDWP Event Helper Thread" daemon [_thread_blocked, id=420, stack(0x000000000c7a0000,0x000000000c8a0000)]
=>0x000000000b150000 JavaThread "JDWP Transport Listener: dt_socket" daemon [_thread_in_vm, id=7892, stack(0x000000000c6a0000,0x000000000c7a0000)]
  0x000000000b13f000 JavaThread "Attach Listener" daemon [_thread_blocked, id=11240, stack(0x000000000c5a0000,0x000000000c6a0000)]
  0x000000000b13c000 JavaThread "Signal Dispatcher" daemon [_thread_blocked, id=8048, stack(0x000000000c4a0000,0x000000000c5a0000)]
  0x000000000b0f0000 JavaThread "Finalizer" daemon [_thread_blocked, id=7760, stack(0x000000000c3a0000,0x000000000c4a0000)]
  0x000000000b0e6800 JavaThread "Reference Handler" daemon [_thread_blocked, id=892, stack(0x000000000c2a0000,0x000000000c3a0000)]
  0x000000000282e000 JavaThread "main" [_thread_blocked, id=9512, stack(0x0000000002c10000,0x0000000002d10000)]

Other Threads:
  0x000000000b0e1800 VMThread [stack: 0x000000000c1a0000,0x000000000c2a0000] [id=552]
  0x000000000b189000 WatcherThread [stack: 0x000000000cca0000,0x000000000cda0000] [id=7576]

VM state:not at safepoint (normal execution)

VM Mutex/Monitor currently owned by a thread: None

Heap
 PSYoungGen      total 38400K, used 1997K [0x00000007d5c80000, 0x00000007d8700000, 0x0000000800000000)
  eden space 33280K, 6% used [0x00000007d5c80000,0x00000007d5e73430,0x00000007d7d00000)
  from space 5120K, 0% used [0x00000007d8200000,0x00000007d8200000,0x00000007d8700000)
  to   space 5120K, 0% used [0x00000007d7d00000,0x00000007d7d00000,0x00000007d8200000)
 ParOldGen       total 86016K, used 0K [0x0000000781600000, 0x0000000786a00000, 0x00000007d5c80000)
  object space 86016K, 0% used [0x0000000781600000,0x0000000781600000,0x0000000786a00000)
 PSPermGen       total 21504K, used 2619K [0x000000077c400000, 0x000000077d900000, 0x0000000781600000)
  object space 21504K, 12% used [0x000000077c400000,0x000000077c68ef58,0x000000077d900000)

Card table byte_map: [0x0000000005ed0000,0x00000000062f0000] byte_map_base: 0x00000000022ee000

Polling page: 0x00000000007f0000

Code Cache  [0x0000000002e10000, 0x0000000003080000, 0x0000000005e10000)
 total_blobs=162 nmethods=0 adapters=138 free_code_cache=48774Kb largest_free_block=49944512

Compilation events (0 events):
No events

GC Heap History (0 events):
No events

Deoptimization events (0 events):
No events

Internal exceptions (2 events):
Event: 0.030 Thread 0x000000000282e000 Threw 0x00000007d5c8f638 at C:\re\jdk7u80\2329\hotspot\src\share\vm\prims\jni.cpp:3991
Event: 0.208 Thread 0x000000000282e000 Threw 0x00000007d5d19020 at C:\re\jdk7u80\2329\hotspot\src\share\vm\prims\jvm.cpp:1319

Events (10 events):
Event: 4.907 Executing VM operation: GetOrSetLocal
Event: 4.907 Executing VM operation: GetOrSetLocal done
Event: 4.907 Executing VM operation: GetOrSetLocal
Event: 4.907 Executing VM operation: GetOrSetLocal done
Event: 4.907 Executing VM operation: GetOrSetLocal
Event: 4.907 Executing VM operation: GetOrSetLocal done
Event: 4.908 Executing VM operation: GetOrSetLocal
Event: 4.908 Executing VM operation: GetOrSetLocal done
Event: 191.468 Executing VM operation: RedefineClasses
Event: 191.468 Executing VM operation: RedefineClasses done


Dynamic libraries:
0x00007ff629250000 - 0x00007ff629283000 	C:\Program Files\Java\jdk1.7.0_80\bin\javaw.exe
0x00007ffbeec10000 - 0x00007ffbeede1000 	C:\WINDOWS\SYSTEM32\ntdll.dll
0x00007ffbecce0000 - 0x00007ffbecd8b000 	C:\WINDOWS\System32\KERNEL32.DLL
0x00007ffbebe60000 - 0x00007ffbec07d000 	C:\WINDOWS\System32\KERNELBASE.dll
0x00007ffbee6e0000 - 0x00007ffbee782000 	C:\WINDOWS\System32\ADVAPI32.dll
0x00007ffbecd90000 - 0x00007ffbece2e000 	C:\WINDOWS\System32\msvcrt.dll
0x00007ffbec9b0000 - 0x00007ffbeca09000 	C:\WINDOWS\System32\sechost.dll
0x00007ffbeea70000 - 0x00007ffbeeb91000 	C:\WINDOWS\System32\RPCRT4.dll
0x00007ffbec7d0000 - 0x00007ffbec935000 	C:\WINDOWS\System32\USER32.dll
0x00007ffbeb5d0000 - 0x00007ffbeb5ee000 	C:\WINDOWS\System32\win32u.dll
0x00007ffbee7f0000 - 0x00007ffbee824000 	C:\WINDOWS\System32\GDI32.dll
0x00007ffbebcd0000 - 0x00007ffbebe52000 	C:\WINDOWS\System32\gdi32full.dll
0x00007ffbdb820000 - 0x00007ffbdba99000 	C:\WINDOWS\WinSxS\amd64_microsoft.windows.common-controls_6595b64144ccf1df_6.0.14393.447_none_42191651c6827bb3\COMCTL32.dll
0x00007ffbeca10000 - 0x00007ffbeccd8000 	C:\WINDOWS\System32\combase.dll
0x00007ffbeb1b0000 - 0x00007ffbeb2a5000 	C:\WINDOWS\System32\ucrtbase.dll
0x00007ffbec0d0000 - 0x00007ffbec13a000 	C:\WINDOWS\System32\bcryptPrimitives.dll
0x00007ffbee360000 - 0x00007ffbee38e000 	C:\WINDOWS\System32\IMM32.DLL
0x0000000059fd0000 - 0x000000005a0a2000 	C:\Program Files\Java\jdk1.7.0_80\jre\bin\msvcr100.dll
0x0000000059530000 - 0x0000000059d09000 	C:\Program Files\Java\jdk1.7.0_80\jre\bin\server\jvm.dll
0x00007ffbee610000 - 0x00007ffbee618000 	C:\WINDOWS\System32\PSAPI.DLL
0x00007ffbe93d0000 - 0x00007ffbe93f3000 	C:\WINDOWS\SYSTEM32\WINMM.dll
0x00007ffbd9f90000 - 0x00007ffbd9f99000 	C:\WINDOWS\SYSTEM32\WSOCK32.dll
0x00007ffbee3a0000 - 0x00007ffbee40a000 	C:\WINDOWS\System32\WS2_32.dll
0x0000000002730000 - 0x000000000275b000 	C:\WINDOWS\SYSTEM32\WINMMBASE.dll
0x00007ffbec080000 - 0x00007ffbec0c2000 	C:\WINDOWS\System32\cfgmgr32.dll
0x000000005b050000 - 0x000000005b05f000 	C:\Program Files\Java\jdk1.7.0_80\jre\bin\verify.dll
0x0000000059fa0000 - 0x0000000059fc8000 	C:\Program Files\Java\jdk1.7.0_80\jre\bin\java.dll
0x0000000059f60000 - 0x0000000059f95000 	C:\Program Files\Java\jdk1.7.0_80\jre\bin\jdwp.dll
0x0000000059f50000 - 0x0000000059f58000 	C:\Program Files\Java\jdk1.7.0_80\jre\bin\npt.dll
0x0000000059f30000 - 0x0000000059f46000 	C:\Program Files\Java\jdk1.7.0_80\jre\bin\zip.dll
0x0000000059520000 - 0x0000000059529000 	C:\Program Files\Java\jdk1.7.0_80\jre\bin\dt_socket.dll
0x00007ffbd8670000 - 0x00007ffbd8686000 	C:\WINDOWS\system32\napinsp.dll
0x00007ffbd8690000 - 0x00007ffbd86aa000 	C:\WINDOWS\system32\pnrpnsp.dll
0x00007ffbe88f0000 - 0x00007ffbe8908000 	C:\WINDOWS\system32\NLAapi.dll
0x00007ffbea850000 - 0x00007ffbea8ac000 	C:\WINDOWS\System32\mswsock.dll
0x00007ffbea620000 - 0x00007ffbea6c0000 	C:\WINDOWS\SYSTEM32\DNSAPI.dll
0x00007ffbee390000 - 0x00007ffbee398000 	C:\WINDOWS\System32\NSI.dll
0x00007ffbea5e0000 - 0x00007ffbea618000 	C:\WINDOWS\SYSTEM32\IPHLPAPI.DLL
0x00007ffbd86b0000 - 0x00007ffbd86be000 	C:\WINDOWS\System32\winrnr.dll
0x00007ffbd86c0000 - 0x00007ffbd86d5000 	C:\WINDOWS\System32\wshbth.dll
0x00007ffbe2650000 - 0x00007ffbe26ba000 	C:\WINDOWS\System32\fwpuclnt.dll
0x00007ffbeafb0000 - 0x00007ffbeafdb000 	C:\WINDOWS\SYSTEM32\bcrypt.dll
0x00007ffbdc440000 - 0x00007ffbdc44a000 	C:\Windows\System32\rasadhlp.dll
0x00007ffbe78c0000 - 0x00007ffbe7a52000 	C:\WINDOWS\SYSTEM32\dbghelp.dll

VM Arguments:
jvm_args: -agentlib:jdwp=transport=dt_socket,suspend=y,address=localhost:8415 -Dfile.encoding=UTF-8 
java_command: j2se.core.io.file.DirectoryDemo
Launcher Type: SUN_STANDARD

Environment Variables:
JAVA_HOME=C:\Program Files\Java\jdk1.7.0_80
CLASSPATH=.;C:\Program Files\Java\jdk1.7.0_80\lib;C:\Program Files\Java\jdk1.7.0_80\lib\tools.jar
PATH=C:\Program Files (x86)\Common Files\NetSarang;C:\app\yobdc\product\11.2.0\dbhome_1\bin;C:\WINDOWS\system32;C:\WINDOWS;C:\WINDOWS\System32\Wbem;C:\WINDOWS\System32\WindowsPowerShell\v1.0\;C:\Program Files\Java\jdk1.7.0_80\bin;C:\Program Files\Java\jdk1.7.0_80\jre\bin;C:\zwnew\apache-maven-3.3.9\bin;HADOOP_HOME\bin;C:\zwnew\scala-2.10.4\bin;C:\Program Files (x86)\SSH Communications Security\SSH Secure Shell;C:\Users\yobdc\AppData\Local\Microsoft\WindowsApps;
USERNAME=yobdc
OS=Windows_NT
PROCESSOR_IDENTIFIER=Intel64 Family 6 Model 69 Stepping 1, GenuineIntel



---------------  S Y S T E M  ---------------

OS: Windows 8.1 , 64 bit Build 9600 

CPU:total 4 (2 cores per cpu, 2 threads per core) family 6 model 69 stepping 1, cmov, cx8, fxsr, mmx, sse, sse2, sse3, ssse3, sse4.1, sse4.2, popcnt, avx, avx2, aes, erms, ht, tsc, tscinvbit

Memory: 4k page, physical 8291416k(3983540k free), swap 10519640k(4390472k free)

vm_info: Java HotSpot(TM) 64-Bit Server VM (24.80-b11) for windows-amd64 JRE (1.7.0_80-b15), built on Apr 10 2015 11:26:34 by "java_re" with unknown MS VC++:1600

time: Mon Dec 12 23:37:45 2016
elapsed time: 191 seconds

